09:52:44,037  INFO DefaultTestContextBootstrapper:259 - Loaded default TestExecutionListener class names from location [META-INF/spring.factories]: [org.springframework.test.context.web.ServletTestExecutionListener, org.springframework.test.context.support.DirtiesContextBeforeModesTestExecutionListener, org.springframework.test.context.support.DependencyInjectionTestExecutionListener, org.springframework.test.context.support.DirtiesContextTestExecutionListener, org.springframework.test.context.transaction.TransactionalTestExecutionListener, org.springframework.test.context.jdbc.SqlScriptsTestExecutionListener]
09:52:44,189  INFO DefaultTestContextBootstrapper:185 - Using TestExecutionListeners: [org.springframework.test.context.web.ServletTestExecutionListener@14f1c67, org.springframework.test.context.support.DirtiesContextBeforeModesTestExecutionListener@d1e32d, org.springframework.test.context.support.DependencyInjectionTestExecutionListener@199de59, org.springframework.test.context.support.DirtiesContextTestExecutionListener@d4db38, org.springframework.test.context.transaction.TransactionalTestExecutionListener@847574, org.springframework.test.context.jdbc.SqlScriptsTestExecutionListener@3b34ca]
09:52:50,063  INFO XmlBeanDefinitionReader:317 - Loading XML bean definitions from class path resource [applicationContext.xml]
09:52:54,684  INFO GenericApplicationContext:578 - Refreshing org.springframework.context.support.GenericApplicationContext@126cb1a: startup date [Tue Oct 31 09:52:54 CST 2017]; root of context hierarchy
09:52:55,115  INFO AutowiredAnnotationBeanPostProcessor:153 - JSR-330 'javax.inject.Inject' annotation found and supported for autowiring
09:52:55,460  INFO MLog:80 - MLog clients using log4j logging.
09:53:03,051  INFO C3P0Registry:204 - Initializing c3p0-0.9.1.2 [built 21-May-2007 15:04:56; debug? true; trace: 10]
09:53:04,620  INFO LocalContainerEntityManagerFactoryBean:339 - Building JPA container EntityManagerFactory for persistence unit 'default'
09:53:04,621  WARN HibernatePersistence:41 - HHH015016: Encountered a deprecated javax.persistence.spi.PersistenceProvider [org.hibernate.ejb.HibernatePersistence]; use [org.hibernate.jpa.HibernatePersistenceProvider] instead.
09:53:04,712  INFO LogHelper:31 - HHH000204: Processing PersistenceUnitInfo [
	name: default
	...]
09:53:05,205  INFO Version:37 - HHH000412: Hibernate Core {5.0.7.Final}
09:53:05,211  INFO Environment:213 - HHH000206: hibernate.properties not found
09:53:05,215  INFO Environment:317 - HHH000021: Bytecode provider name : javassist
09:53:05,712  INFO Version:66 - HCANN000001: Hibernate Commons Annotations {5.0.1.Final}
09:53:06,481  INFO AbstractPoolBackedDataSource:462 - Initializing c3p0 pool... com.mchange.v2.c3p0.ComboPooledDataSource [ acquireIncrement -> 3, acquireRetryAttempts -> 30, acquireRetryDelay -> 1000, autoCommitOnClose -> false, automaticTestTable -> null, breakAfterAcquireFailure -> false, checkoutTimeout -> 0, connectionCustomizerClassName -> null, connectionTesterClassName -> com.mchange.v2.c3p0.impl.DefaultConnectionTester, dataSourceName -> 31sqfn9rv41tlim5p9om|ee21ae, debugUnreturnedConnectionStackTraces -> false, description -> null, driverClass -> oracle.jdbc.driver.OracleDriver, factoryClassLocation -> null, forceIgnoreUnresolvedTransactions -> false, identityToken -> 31sqfn9rv41tlim5p9om|ee21ae, idleConnectionTestPeriod -> 0, initialPoolSize -> 3, jdbcUrl -> jdbc:oracle:thin:@192.168.116.100:1521:ORCL, maxAdministrativeTaskTime -> 0, maxConnectionAge -> 0, maxIdleTime -> 0, maxIdleTimeExcessConnections -> 0, maxPoolSize -> 15, maxStatements -> 0, maxStatementsPerConnection -> 0, minPoolSize -> 3, numHelperThreads -> 3, numThreadsAwaitingCheckoutDefaultUser -> 0, preferredTestQuery -> null, properties -> {user=******, password=******}, propertyCycle -> 0, testConnectionOnCheckin -> false, testConnectionOnCheckout -> false, unreturnedConnectionTimeout -> 0, usesTraditionalReflectiveProxies -> false ]
09:53:07,660  INFO Dialect:156 - HHH000400: Using dialect: org.hibernate.dialect.Oracle10gDialect
09:53:08,279  INFO LobCreatorBuilderImpl:124 - HHH000424: Disabling contextual LOB creation as createClob() method threw error : java.lang.reflect.InvocationTargetException
09:53:10,726  INFO SchemaUpdate:105 - HHH000228: Running hbm2ddl schema update
09:53:19,201  INFO GenericApplicationContext:960 - Closing org.springframework.context.support.GenericApplicationContext@126cb1a: startup date [Tue Oct 31 09:52:54 CST 2017]; root of context hierarchy
09:53:19,203  INFO LocalContainerEntityManagerFactoryBean:462 - Closing JPA EntityManagerFactory for persistence unit 'default'
09:54:51,686  INFO DefaultTestContextBootstrapper:259 - Loaded default TestExecutionListener class names from location [META-INF/spring.factories]: [org.springframework.test.context.web.ServletTestExecutionListener, org.springframework.test.context.support.DirtiesContextBeforeModesTestExecutionListener, org.springframework.test.context.support.DependencyInjectionTestExecutionListener, org.springframework.test.context.support.DirtiesContextTestExecutionListener, org.springframework.test.context.transaction.TransactionalTestExecutionListener, org.springframework.test.context.jdbc.SqlScriptsTestExecutionListener]
09:54:51,728  INFO DefaultTestContextBootstrapper:185 - Using TestExecutionListeners: [org.springframework.test.context.web.ServletTestExecutionListener@d85409, org.springframework.test.context.support.DirtiesContextBeforeModesTestExecutionListener@75455c, org.springframework.test.context.support.DependencyInjectionTestExecutionListener@11cd8cc, org.springframework.test.context.support.DirtiesContextTestExecutionListener@dd67cf, org.springframework.test.context.transaction.TransactionalTestExecutionListener@1ca6954, org.springframework.test.context.jdbc.SqlScriptsTestExecutionListener@1c935cc]
09:54:53,327  INFO XmlBeanDefinitionReader:317 - Loading XML bean definitions from class path resource [applicationContext.xml]
09:54:54,596  INFO GenericApplicationContext:578 - Refreshing org.springframework.context.support.GenericApplicationContext@16fb9fd: startup date [Tue Oct 31 09:54:54 CST 2017]; root of context hierarchy
09:54:54,758  INFO AutowiredAnnotationBeanPostProcessor:153 - JSR-330 'javax.inject.Inject' annotation found and supported for autowiring
09:54:54,860  INFO MLog:80 - MLog clients using log4j logging.
09:54:55,423  INFO C3P0Registry:204 - Initializing c3p0-0.9.1.2 [built 21-May-2007 15:04:56; debug? true; trace: 10]
09:54:55,664  INFO LocalContainerEntityManagerFactoryBean:339 - Building JPA container EntityManagerFactory for persistence unit 'default'
09:54:55,664  WARN HibernatePersistence:41 - HHH015016: Encountered a deprecated javax.persistence.spi.PersistenceProvider [org.hibernate.ejb.HibernatePersistence]; use [org.hibernate.jpa.HibernatePersistenceProvider] instead.
09:54:55,671  INFO LogHelper:31 - HHH000204: Processing PersistenceUnitInfo [
	name: default
	...]
09:54:55,790  INFO Version:37 - HHH000412: Hibernate Core {5.0.7.Final}
09:54:55,792  INFO Environment:213 - HHH000206: hibernate.properties not found
09:54:55,793  INFO Environment:317 - HHH000021: Bytecode provider name : javassist
09:54:55,865  INFO Version:66 - HCANN000001: Hibernate Commons Annotations {5.0.1.Final}
09:54:56,104  INFO AbstractPoolBackedDataSource:462 - Initializing c3p0 pool... com.mchange.v2.c3p0.ComboPooledDataSource [ acquireIncrement -> 3, acquireRetryAttempts -> 30, acquireRetryDelay -> 1000, autoCommitOnClose -> false, automaticTestTable -> null, breakAfterAcquireFailure -> false, checkoutTimeout -> 0, connectionCustomizerClassName -> null, connectionTesterClassName -> com.mchange.v2.c3p0.impl.DefaultConnectionTester, dataSourceName -> 31sqfn9rv44dh6yuari8|f63e26, debugUnreturnedConnectionStackTraces -> false, description -> null, driverClass -> oracle.jdbc.driver.OracleDriver, factoryClassLocation -> null, forceIgnoreUnresolvedTransactions -> false, identityToken -> 31sqfn9rv44dh6yuari8|f63e26, idleConnectionTestPeriod -> 0, initialPoolSize -> 3, jdbcUrl -> jdbc:oracle:thin:@192.168.116.100:1521:ORCL, maxAdministrativeTaskTime -> 0, maxConnectionAge -> 0, maxIdleTime -> 0, maxIdleTimeExcessConnections -> 0, maxPoolSize -> 15, maxStatements -> 0, maxStatementsPerConnection -> 0, minPoolSize -> 3, numHelperThreads -> 3, numThreadsAwaitingCheckoutDefaultUser -> 0, preferredTestQuery -> null, properties -> {user=******, password=******}, propertyCycle -> 0, testConnectionOnCheckin -> false, testConnectionOnCheckout -> false, unreturnedConnectionTimeout -> 0, usesTraditionalReflectiveProxies -> false ]
09:54:56,351  INFO Dialect:156 - HHH000400: Using dialect: org.hibernate.dialect.Oracle10gDialect
09:54:56,470  INFO LobCreatorBuilderImpl:124 - HHH000424: Disabling contextual LOB creation as createClob() method threw error : java.lang.reflect.InvocationTargetException
09:54:57,240  INFO SchemaUpdate:105 - HHH000228: Running hbm2ddl schema update
09:54:59,038  INFO GenericApplicationContext:960 - Closing org.springframework.context.support.GenericApplicationContext@16fb9fd: startup date [Tue Oct 31 09:54:54 CST 2017]; root of context hierarchy
09:54:59,040  INFO LocalContainerEntityManagerFactoryBean:462 - Closing JPA EntityManagerFactory for persistence unit 'default'
09:55:19,816  INFO DefaultTestContextBootstrapper:259 - Loaded default TestExecutionListener class names from location [META-INF/spring.factories]: [org.springframework.test.context.web.ServletTestExecutionListener, org.springframework.test.context.support.DirtiesContextBeforeModesTestExecutionListener, org.springframework.test.context.support.DependencyInjectionTestExecutionListener, org.springframework.test.context.support.DirtiesContextTestExecutionListener, org.springframework.test.context.transaction.TransactionalTestExecutionListener, org.springframework.test.context.jdbc.SqlScriptsTestExecutionListener]
09:55:19,841  INFO DefaultTestContextBootstrapper:185 - Using TestExecutionListeners: [org.springframework.test.context.web.ServletTestExecutionListener@d85409, org.springframework.test.context.support.DirtiesContextBeforeModesTestExecutionListener@75455c, org.springframework.test.context.support.DependencyInjectionTestExecutionListener@11cd8cc, org.springframework.test.context.support.DirtiesContextTestExecutionListener@dd67cf, org.springframework.test.context.transaction.TransactionalTestExecutionListener@1ca6954, org.springframework.test.context.jdbc.SqlScriptsTestExecutionListener@1c935cc]
09:55:20,278  INFO XmlBeanDefinitionReader:317 - Loading XML bean definitions from class path resource [applicationContext.xml]
09:55:20,698  INFO GenericApplicationContext:578 - Refreshing org.springframework.context.support.GenericApplicationContext@16fb9fd: startup date [Tue Oct 31 09:55:20 CST 2017]; root of context hierarchy
09:55:20,797  INFO AutowiredAnnotationBeanPostProcessor:153 - JSR-330 'javax.inject.Inject' annotation found and supported for autowiring
09:55:20,886  INFO MLog:80 - MLog clients using log4j logging.
09:55:21,396  INFO C3P0Registry:204 - Initializing c3p0-0.9.1.2 [built 21-May-2007 15:04:56; debug? true; trace: 10]
09:55:21,656  INFO LocalContainerEntityManagerFactoryBean:339 - Building JPA container EntityManagerFactory for persistence unit 'default'
09:55:21,656  WARN HibernatePersistence:41 - HHH015016: Encountered a deprecated javax.persistence.spi.PersistenceProvider [org.hibernate.ejb.HibernatePersistence]; use [org.hibernate.jpa.HibernatePersistenceProvider] instead.
09:55:21,663  INFO LogHelper:31 - HHH000204: Processing PersistenceUnitInfo [
	name: default
	...]
09:55:21,775  INFO Version:37 - HHH000412: Hibernate Core {5.0.7.Final}
09:55:21,777  INFO Environment:213 - HHH000206: hibernate.properties not found
09:55:21,778  INFO Environment:317 - HHH000021: Bytecode provider name : javassist
09:55:21,841  INFO Version:66 - HCANN000001: Hibernate Commons Annotations {5.0.1.Final}
09:55:22,029  INFO AbstractPoolBackedDataSource:462 - Initializing c3p0 pool... com.mchange.v2.c3p0.ComboPooledDataSource [ acquireIncrement -> 3, acquireRetryAttempts -> 30, acquireRetryDelay -> 1000, autoCommitOnClose -> false, automaticTestTable -> null, breakAfterAcquireFailure -> false, checkoutTimeout -> 0, connectionCustomizerClassName -> null, connectionTesterClassName -> com.mchange.v2.c3p0.impl.DefaultConnectionTester, dataSourceName -> 31sqfn9rv44xk21z0hrs9|1212168, debugUnreturnedConnectionStackTraces -> false, description -> null, driverClass -> oracle.jdbc.driver.OracleDriver, factoryClassLocation -> null, forceIgnoreUnresolvedTransactions -> false, identityToken -> 31sqfn9rv44xk21z0hrs9|1212168, idleConnectionTestPeriod -> 0, initialPoolSize -> 3, jdbcUrl -> jdbc:oracle:thin:@192.168.116.100:1521:ORCL, maxAdministrativeTaskTime -> 0, maxConnectionAge -> 0, maxIdleTime -> 0, maxIdleTimeExcessConnections -> 0, maxPoolSize -> 15, maxStatements -> 0, maxStatementsPerConnection -> 0, minPoolSize -> 3, numHelperThreads -> 3, numThreadsAwaitingCheckoutDefaultUser -> 0, preferredTestQuery -> null, properties -> {user=******, password=******}, propertyCycle -> 0, testConnectionOnCheckin -> false, testConnectionOnCheckout -> false, unreturnedConnectionTimeout -> 0, usesTraditionalReflectiveProxies -> false ]
09:55:22,259  INFO Dialect:156 - HHH000400: Using dialect: org.hibernate.dialect.Oracle10gDialect
09:55:22,376  INFO LobCreatorBuilderImpl:124 - HHH000424: Disabling contextual LOB creation as createClob() method threw error : java.lang.reflect.InvocationTargetException
09:55:23,171  INFO SchemaUpdate:105 - HHH000228: Running hbm2ddl schema update
09:55:24,953  INFO GenericApplicationContext:960 - Closing org.springframework.context.support.GenericApplicationContext@16fb9fd: startup date [Tue Oct 31 09:55:20 CST 2017]; root of context hierarchy
09:55:24,955  INFO LocalContainerEntityManagerFactoryBean:462 - Closing JPA EntityManagerFactory for persistence unit 'default'
09:56:43,362  INFO DefaultTestContextBootstrapper:259 - Loaded default TestExecutionListener class names from location [META-INF/spring.factories]: [org.springframework.test.context.web.ServletTestExecutionListener, org.springframework.test.context.support.DirtiesContextBeforeModesTestExecutionListener, org.springframework.test.context.support.DependencyInjectionTestExecutionListener, org.springframework.test.context.support.DirtiesContextTestExecutionListener, org.springframework.test.context.transaction.TransactionalTestExecutionListener, org.springframework.test.context.jdbc.SqlScriptsTestExecutionListener]
09:56:43,384  INFO DefaultTestContextBootstrapper:185 - Using TestExecutionListeners: [org.springframework.test.context.web.ServletTestExecutionListener@75455c, org.springframework.test.context.support.DirtiesContextBeforeModesTestExecutionListener@11cd8cc, org.springframework.test.context.support.DependencyInjectionTestExecutionListener@dd67cf, org.springframework.test.context.support.DirtiesContextTestExecutionListener@1ca6954, org.springframework.test.context.transaction.TransactionalTestExecutionListener@1c935cc, org.springframework.test.context.jdbc.SqlScriptsTestExecutionListener@eb1327]
09:59:48,034  INFO DefaultTestContextBootstrapper:259 - Loaded default TestExecutionListener class names from location [META-INF/spring.factories]: [org.springframework.test.context.web.ServletTestExecutionListener, org.springframework.test.context.support.DirtiesContextBeforeModesTestExecutionListener, org.springframework.test.context.support.DependencyInjectionTestExecutionListener, org.springframework.test.context.support.DirtiesContextTestExecutionListener, org.springframework.test.context.transaction.TransactionalTestExecutionListener, org.springframework.test.context.jdbc.SqlScriptsTestExecutionListener]
09:59:48,060  INFO DefaultTestContextBootstrapper:185 - Using TestExecutionListeners: [org.springframework.test.context.web.ServletTestExecutionListener@75455c, org.springframework.test.context.support.DirtiesContextBeforeModesTestExecutionListener@11cd8cc, org.springframework.test.context.support.DependencyInjectionTestExecutionListener@dd67cf, org.springframework.test.context.support.DirtiesContextTestExecutionListener@1ca6954, org.springframework.test.context.transaction.TransactionalTestExecutionListener@1c935cc, org.springframework.test.context.jdbc.SqlScriptsTestExecutionListener@eb1327]
10:14:28,606  INFO DefaultTestContextBootstrapper:259 - Loaded default TestExecutionListener class names from location [META-INF/spring.factories]: [org.springframework.test.context.web.ServletTestExecutionListener, org.springframework.test.context.support.DirtiesContextBeforeModesTestExecutionListener, org.springframework.test.context.support.DependencyInjectionTestExecutionListener, org.springframework.test.context.support.DirtiesContextTestExecutionListener, org.springframework.test.context.transaction.TransactionalTestExecutionListener, org.springframework.test.context.jdbc.SqlScriptsTestExecutionListener]
10:14:28,752  INFO DefaultTestContextBootstrapper:185 - Using TestExecutionListeners: [org.springframework.test.context.web.ServletTestExecutionListener@d85409, org.springframework.test.context.support.DirtiesContextBeforeModesTestExecutionListener@75455c, org.springframework.test.context.support.DependencyInjectionTestExecutionListener@11cd8cc, org.springframework.test.context.support.DirtiesContextTestExecutionListener@dd67cf, org.springframework.test.context.transaction.TransactionalTestExecutionListener@1ca6954, org.springframework.test.context.jdbc.SqlScriptsTestExecutionListener@1c935cc]
10:17:06,582  INFO DefaultTestContextBootstrapper:259 - Loaded default TestExecutionListener class names from location [META-INF/spring.factories]: [org.springframework.test.context.web.ServletTestExecutionListener, org.springframework.test.context.support.DirtiesContextBeforeModesTestExecutionListener, org.springframework.test.context.support.DependencyInjectionTestExecutionListener, org.springframework.test.context.support.DirtiesContextTestExecutionListener, org.springframework.test.context.transaction.TransactionalTestExecutionListener, org.springframework.test.context.jdbc.SqlScriptsTestExecutionListener]
10:17:06,619  INFO DefaultTestContextBootstrapper:185 - Using TestExecutionListeners: [org.springframework.test.context.web.ServletTestExecutionListener@dd67cf, org.springframework.test.context.support.DirtiesContextBeforeModesTestExecutionListener@1ca6954, org.springframework.test.context.support.DependencyInjectionTestExecutionListener@1c935cc, org.springframework.test.context.support.DirtiesContextTestExecutionListener@eb1327, org.springframework.test.context.transaction.TransactionalTestExecutionListener@136a26f, org.springframework.test.context.jdbc.SqlScriptsTestExecutionListener@1e247e2]
10:17:09,882  INFO XmlBeanDefinitionReader:317 - Loading XML bean definitions from class path resource [applicationContext.xml]
10:17:11,054  INFO GenericApplicationContext:578 - Refreshing org.springframework.context.support.GenericApplicationContext@13552ed: startup date [Tue Oct 31 10:17:11 CST 2017]; root of context hierarchy
10:17:11,446  INFO AutowiredAnnotationBeanPostProcessor:153 - JSR-330 'javax.inject.Inject' annotation found and supported for autowiring
10:17:12,013  INFO MLog:80 - MLog clients using log4j logging.
10:17:13,361  INFO C3P0Registry:204 - Initializing c3p0-0.9.1.2 [built 21-May-2007 15:04:56; debug? true; trace: 10]
10:17:13,796  INFO LocalContainerEntityManagerFactoryBean:339 - Building JPA container EntityManagerFactory for persistence unit 'default'
10:17:13,797  WARN HibernatePersistence:41 - HHH015016: Encountered a deprecated javax.persistence.spi.PersistenceProvider [org.hibernate.ejb.HibernatePersistence]; use [org.hibernate.jpa.HibernatePersistenceProvider] instead.
10:17:13,850  INFO LogHelper:31 - HHH000204: Processing PersistenceUnitInfo [
	name: default
	...]
10:17:14,631  INFO Version:37 - HHH000412: Hibernate Core {5.0.7.Final}
10:17:14,639  INFO Environment:213 - HHH000206: hibernate.properties not found
10:17:14,648  INFO Environment:317 - HHH000021: Bytecode provider name : javassist
10:17:15,036  INFO Version:66 - HCANN000001: Hibernate Commons Annotations {5.0.1.Final}
10:17:16,294  INFO AbstractPoolBackedDataSource:462 - Initializing c3p0 pool... com.mchange.v2.c3p0.ComboPooledDataSource [ acquireIncrement -> 3, acquireRetryAttempts -> 30, acquireRetryDelay -> 1000, autoCommitOnClose -> false, automaticTestTable -> null, breakAfterAcquireFailure -> false, checkoutTimeout -> 0, connectionCustomizerClassName -> null, connectionTesterClassName -> com.mchange.v2.c3p0.impl.DefaultConnectionTester, dataSourceName -> 31sqfn9rv4x1d51pwfyn7|151131d, debugUnreturnedConnectionStackTraces -> false, description -> null, driverClass -> oracle.jdbc.driver.OracleDriver, factoryClassLocation -> null, forceIgnoreUnresolvedTransactions -> false, identityToken -> 31sqfn9rv4x1d51pwfyn7|151131d, idleConnectionTestPeriod -> 0, initialPoolSize -> 3, jdbcUrl -> jdbc:oracle:thin:@192.168.116.100:1521:ORCL, maxAdministrativeTaskTime -> 0, maxConnectionAge -> 0, maxIdleTime -> 0, maxIdleTimeExcessConnections -> 0, maxPoolSize -> 15, maxStatements -> 0, maxStatementsPerConnection -> 0, minPoolSize -> 3, numHelperThreads -> 3, numThreadsAwaitingCheckoutDefaultUser -> 0, preferredTestQuery -> null, properties -> {user=******, password=******}, propertyCycle -> 0, testConnectionOnCheckin -> false, testConnectionOnCheckout -> false, unreturnedConnectionTimeout -> 0, usesTraditionalReflectiveProxies -> false ]
10:17:17,967  INFO Dialect:156 - HHH000400: Using dialect: org.hibernate.dialect.Oracle10gDialect
10:17:18,920  INFO LobCreatorBuilderImpl:124 - HHH000424: Disabling contextual LOB creation as createClob() method threw error : java.lang.reflect.InvocationTargetException
10:17:25,258  INFO SchemaUpdate:105 - HHH000228: Running hbm2ddl schema update
10:17:28,056  INFO QueryTranslatorFactoryInitiator:47 - HHH000397: Using ASTQueryTranslatorFactory
10:17:28,604  INFO GenericApplicationContext:960 - Closing org.springframework.context.support.GenericApplicationContext@13552ed: startup date [Tue Oct 31 10:17:11 CST 2017]; root of context hierarchy
10:17:28,610  INFO LocalContainerEntityManagerFactoryBean:462 - Closing JPA EntityManagerFactory for persistence unit 'default'
10:21:47,736  INFO DefaultTestContextBootstrapper:259 - Loaded default TestExecutionListener class names from location [META-INF/spring.factories]: [org.springframework.test.context.web.ServletTestExecutionListener, org.springframework.test.context.support.DirtiesContextBeforeModesTestExecutionListener, org.springframework.test.context.support.DependencyInjectionTestExecutionListener, org.springframework.test.context.support.DirtiesContextTestExecutionListener, org.springframework.test.context.transaction.TransactionalTestExecutionListener, org.springframework.test.context.jdbc.SqlScriptsTestExecutionListener]
10:21:47,759  INFO DefaultTestContextBootstrapper:185 - Using TestExecutionListeners: [org.springframework.test.context.web.ServletTestExecutionListener@136a26f, org.springframework.test.context.support.DirtiesContextBeforeModesTestExecutionListener@1e247e2, org.springframework.test.context.support.DependencyInjectionTestExecutionListener@dd6317, org.springframework.test.context.support.DirtiesContextTestExecutionListener@94b0ca, org.springframework.test.context.transaction.TransactionalTestExecutionListener@1e2ad75, org.springframework.test.context.jdbc.SqlScriptsTestExecutionListener@e9f6ef]
10:21:59,567  INFO DefaultTestContextBootstrapper:259 - Loaded default TestExecutionListener class names from location [META-INF/spring.factories]: [org.springframework.test.context.web.ServletTestExecutionListener, org.springframework.test.context.support.DirtiesContextBeforeModesTestExecutionListener, org.springframework.test.context.support.DependencyInjectionTestExecutionListener, org.springframework.test.context.support.DirtiesContextTestExecutionListener, org.springframework.test.context.transaction.TransactionalTestExecutionListener, org.springframework.test.context.jdbc.SqlScriptsTestExecutionListener]
10:21:59,593  INFO DefaultTestContextBootstrapper:185 - Using TestExecutionListeners: [org.springframework.test.context.web.ServletTestExecutionListener@1e247e2, org.springframework.test.context.support.DirtiesContextBeforeModesTestExecutionListener@dd6317, org.springframework.test.context.support.DependencyInjectionTestExecutionListener@94b0ca, org.springframework.test.context.support.DirtiesContextTestExecutionListener@1e2ad75, org.springframework.test.context.transaction.TransactionalTestExecutionListener@e9f6ef, org.springframework.test.context.jdbc.SqlScriptsTestExecutionListener@52f9b2]
10:22:00,105  INFO XmlBeanDefinitionReader:317 - Loading XML bean definitions from class path resource [applicationContext.xml]
10:22:00,463  INFO GenericApplicationContext:578 - Refreshing org.springframework.context.support.GenericApplicationContext@e74663: startup date [Tue Oct 31 10:22:00 CST 2017]; root of context hierarchy
10:22:00,560  INFO AutowiredAnnotationBeanPostProcessor:153 - JSR-330 'javax.inject.Inject' annotation found and supported for autowiring
10:22:00,657  INFO MLog:80 - MLog clients using log4j logging.
10:22:01,212  INFO C3P0Registry:204 - Initializing c3p0-0.9.1.2 [built 21-May-2007 15:04:56; debug? true; trace: 10]
10:22:01,398  INFO LocalContainerEntityManagerFactoryBean:339 - Building JPA container EntityManagerFactory for persistence unit 'default'
10:22:01,399  WARN HibernatePersistence:41 - HHH015016: Encountered a deprecated javax.persistence.spi.PersistenceProvider [org.hibernate.ejb.HibernatePersistence]; use [org.hibernate.jpa.HibernatePersistenceProvider] instead.
10:22:01,408  INFO LogHelper:31 - HHH000204: Processing PersistenceUnitInfo [
	name: default
	...]
10:22:01,522  INFO Version:37 - HHH000412: Hibernate Core {5.0.7.Final}
10:22:01,524  INFO Environment:213 - HHH000206: hibernate.properties not found
10:22:01,526  INFO Environment:317 - HHH000021: Bytecode provider name : javassist
10:22:01,591  INFO Version:66 - HCANN000001: Hibernate Commons Annotations {5.0.1.Final}
10:22:01,799  INFO AbstractPoolBackedDataSource:462 - Initializing c3p0 pool... com.mchange.v2.c3p0.ComboPooledDataSource [ acquireIncrement -> 3, acquireRetryAttempts -> 30, acquireRetryDelay -> 1000, autoCommitOnClose -> false, automaticTestTable -> null, breakAfterAcquireFailure -> false, checkoutTimeout -> 0, connectionCustomizerClassName -> null, connectionTesterClassName -> com.mchange.v2.c3p0.impl.DefaultConnectionTester, dataSourceName -> 31sqfn9rv537y8ji3c1i|1592216, debugUnreturnedConnectionStackTraces -> false, description -> null, driverClass -> oracle.jdbc.driver.OracleDriver, factoryClassLocation -> null, forceIgnoreUnresolvedTransactions -> false, identityToken -> 31sqfn9rv537y8ji3c1i|1592216, idleConnectionTestPeriod -> 0, initialPoolSize -> 3, jdbcUrl -> jdbc:oracle:thin:@192.168.116.100:1521:ORCL, maxAdministrativeTaskTime -> 0, maxConnectionAge -> 0, maxIdleTime -> 0, maxIdleTimeExcessConnections -> 0, maxPoolSize -> 15, maxStatements -> 0, maxStatementsPerConnection -> 0, minPoolSize -> 3, numHelperThreads -> 3, numThreadsAwaitingCheckoutDefaultUser -> 0, preferredTestQuery -> null, properties -> {user=******, password=******}, propertyCycle -> 0, testConnectionOnCheckin -> false, testConnectionOnCheckout -> false, unreturnedConnectionTimeout -> 0, usesTraditionalReflectiveProxies -> false ]
10:22:02,130  INFO Dialect:156 - HHH000400: Using dialect: org.hibernate.dialect.Oracle10gDialect
10:22:02,256  INFO LobCreatorBuilderImpl:124 - HHH000424: Disabling contextual LOB creation as createClob() method threw error : java.lang.reflect.InvocationTargetException
10:22:03,071  INFO SchemaUpdate:105 - HHH000228: Running hbm2ddl schema update
10:22:06,671  INFO QueryTranslatorFactoryInitiator:47 - HHH000397: Using ASTQueryTranslatorFactory
10:22:06,940  INFO GenericApplicationContext:960 - Closing org.springframework.context.support.GenericApplicationContext@e74663: startup date [Tue Oct 31 10:22:00 CST 2017]; root of context hierarchy
10:22:06,942  INFO LocalContainerEntityManagerFactoryBean:462 - Closing JPA EntityManagerFactory for persistence unit 'default'
10:25:13,185  INFO DefaultTestContextBootstrapper:259 - Loaded default TestExecutionListener class names from location [META-INF/spring.factories]: [org.springframework.test.context.web.ServletTestExecutionListener, org.springframework.test.context.support.DirtiesContextBeforeModesTestExecutionListener, org.springframework.test.context.support.DependencyInjectionTestExecutionListener, org.springframework.test.context.support.DirtiesContextTestExecutionListener, org.springframework.test.context.transaction.TransactionalTestExecutionListener, org.springframework.test.context.jdbc.SqlScriptsTestExecutionListener]
10:25:13,207  INFO DefaultTestContextBootstrapper:185 - Using TestExecutionListeners: [org.springframework.test.context.web.ServletTestExecutionListener@94b0ca, org.springframework.test.context.support.DirtiesContextBeforeModesTestExecutionListener@1e2ad75, org.springframework.test.context.support.DependencyInjectionTestExecutionListener@e9f6ef, org.springframework.test.context.support.DirtiesContextTestExecutionListener@52f9b2, org.springframework.test.context.transaction.TransactionalTestExecutionListener@1871a69, org.springframework.test.context.jdbc.SqlScriptsTestExecutionListener@d70b42]
10:25:13,631  INFO XmlBeanDefinitionReader:317 - Loading XML bean definitions from class path resource [applicationContext.xml]
10:25:13,991  INFO GenericApplicationContext:578 - Refreshing org.springframework.context.support.GenericApplicationContext@c1abcf: startup date [Tue Oct 31 10:25:13 CST 2017]; root of context hierarchy
10:25:14,094  INFO AutowiredAnnotationBeanPostProcessor:153 - JSR-330 'javax.inject.Inject' annotation found and supported for autowiring
10:25:14,190  INFO MLog:80 - MLog clients using log4j logging.
10:25:14,732  INFO C3P0Registry:204 - Initializing c3p0-0.9.1.2 [built 21-May-2007 15:04:56; debug? true; trace: 10]
10:25:14,916  INFO LocalContainerEntityManagerFactoryBean:339 - Building JPA container EntityManagerFactory for persistence unit 'default'
10:25:14,916  WARN HibernatePersistence:41 - HHH015016: Encountered a deprecated javax.persistence.spi.PersistenceProvider [org.hibernate.ejb.HibernatePersistence]; use [org.hibernate.jpa.HibernatePersistenceProvider] instead.
10:25:14,924  INFO LogHelper:31 - HHH000204: Processing PersistenceUnitInfo [
	name: default
	...]
10:25:15,039  INFO Version:37 - HHH000412: Hibernate Core {5.0.7.Final}
10:25:15,041  INFO Environment:213 - HHH000206: hibernate.properties not found
10:25:15,044  INFO Environment:317 - HHH000021: Bytecode provider name : javassist
10:25:15,145  INFO Version:66 - HCANN000001: Hibernate Commons Annotations {5.0.1.Final}
10:25:15,364  INFO AbstractPoolBackedDataSource:462 - Initializing c3p0 pool... com.mchange.v2.c3p0.ComboPooledDataSource [ acquireIncrement -> 3, acquireRetryAttempts -> 30, acquireRetryDelay -> 1000, autoCommitOnClose -> false, automaticTestTable -> null, breakAfterAcquireFailure -> false, checkoutTimeout -> 0, connectionCustomizerClassName -> null, connectionTesterClassName -> com.mchange.v2.c3p0.impl.DefaultConnectionTester, dataSourceName -> 31sqfn9rv57da115j4mj4|40dc4b, debugUnreturnedConnectionStackTraces -> false, description -> null, driverClass -> oracle.jdbc.driver.OracleDriver, factoryClassLocation -> null, forceIgnoreUnresolvedTransactions -> false, identityToken -> 31sqfn9rv57da115j4mj4|40dc4b, idleConnectionTestPeriod -> 0, initialPoolSize -> 3, jdbcUrl -> jdbc:oracle:thin:@192.168.116.100:1521:ORCL, maxAdministrativeTaskTime -> 0, maxConnectionAge -> 0, maxIdleTime -> 0, maxIdleTimeExcessConnections -> 0, maxPoolSize -> 15, maxStatements -> 0, maxStatementsPerConnection -> 0, minPoolSize -> 3, numHelperThreads -> 3, numThreadsAwaitingCheckoutDefaultUser -> 0, preferredTestQuery -> null, properties -> {user=******, password=******}, propertyCycle -> 0, testConnectionOnCheckin -> false, testConnectionOnCheckout -> false, unreturnedConnectionTimeout -> 0, usesTraditionalReflectiveProxies -> false ]
10:25:15,578  INFO Dialect:156 - HHH000400: Using dialect: org.hibernate.dialect.Oracle10gDialect
10:25:15,704  INFO LobCreatorBuilderImpl:124 - HHH000424: Disabling contextual LOB creation as createClob() method threw error : java.lang.reflect.InvocationTargetException
10:25:16,595  INFO SchemaUpdate:105 - HHH000228: Running hbm2ddl schema update
10:25:20,227  INFO GenericApplicationContext:960 - Closing org.springframework.context.support.GenericApplicationContext@c1abcf: startup date [Tue Oct 31 10:25:13 CST 2017]; root of context hierarchy
10:25:20,229  INFO LocalContainerEntityManagerFactoryBean:462 - Closing JPA EntityManagerFactory for persistence unit 'default'
10:27:08,686  INFO DefaultTestContextBootstrapper:259 - Loaded default TestExecutionListener class names from location [META-INF/spring.factories]: [org.springframework.test.context.web.ServletTestExecutionListener, org.springframework.test.context.support.DirtiesContextBeforeModesTestExecutionListener, org.springframework.test.context.support.DependencyInjectionTestExecutionListener, org.springframework.test.context.support.DirtiesContextTestExecutionListener, org.springframework.test.context.transaction.TransactionalTestExecutionListener, org.springframework.test.context.jdbc.SqlScriptsTestExecutionListener]
10:27:08,711  INFO DefaultTestContextBootstrapper:185 - Using TestExecutionListeners: [org.springframework.test.context.web.ServletTestExecutionListener@1e2ad75, org.springframework.test.context.support.DirtiesContextBeforeModesTestExecutionListener@e9f6ef, org.springframework.test.context.support.DependencyInjectionTestExecutionListener@52f9b2, org.springframework.test.context.support.DirtiesContextTestExecutionListener@1871a69, org.springframework.test.context.transaction.TransactionalTestExecutionListener@d70b42, org.springframework.test.context.jdbc.SqlScriptsTestExecutionListener@244bb9]
10:27:09,193  INFO XmlBeanDefinitionReader:317 - Loading XML bean definitions from class path resource [applicationContext.xml]
10:27:09,668  INFO GenericApplicationContext:578 - Refreshing org.springframework.context.support.GenericApplicationContext@f6d9ca: startup date [Tue Oct 31 10:27:09 CST 2017]; root of context hierarchy
10:27:09,873  INFO AutowiredAnnotationBeanPostProcessor:153 - JSR-330 'javax.inject.Inject' annotation found and supported for autowiring
10:27:10,004  INFO MLog:80 - MLog clients using log4j logging.
10:27:10,767  INFO C3P0Registry:204 - Initializing c3p0-0.9.1.2 [built 21-May-2007 15:04:56; debug? true; trace: 10]
10:27:11,002  INFO LocalContainerEntityManagerFactoryBean:339 - Building JPA container EntityManagerFactory for persistence unit 'default'
10:27:11,002  WARN HibernatePersistence:41 - HHH015016: Encountered a deprecated javax.persistence.spi.PersistenceProvider [org.hibernate.ejb.HibernatePersistence]; use [org.hibernate.jpa.HibernatePersistenceProvider] instead.
10:27:11,010  INFO LogHelper:31 - HHH000204: Processing PersistenceUnitInfo [
	name: default
	...]
10:27:11,145  INFO Version:37 - HHH000412: Hibernate Core {5.0.7.Final}
10:27:11,147  INFO Environment:213 - HHH000206: hibernate.properties not found
10:27:11,150  INFO Environment:317 - HHH000021: Bytecode provider name : javassist
10:27:11,228  INFO Version:66 - HCANN000001: Hibernate Commons Annotations {5.0.1.Final}
10:27:11,459  INFO AbstractPoolBackedDataSource:462 - Initializing c3p0 pool... com.mchange.v2.c3p0.ComboPooledDataSource [ acquireIncrement -> 3, acquireRetryAttempts -> 30, acquireRetryDelay -> 1000, autoCommitOnClose -> false, automaticTestTable -> null, breakAfterAcquireFailure -> false, checkoutTimeout -> 0, connectionCustomizerClassName -> null, connectionTesterClassName -> com.mchange.v2.c3p0.impl.DefaultConnectionTester, dataSourceName -> 31sqfn9rv59une95wmdw|3ef044, debugUnreturnedConnectionStackTraces -> false, description -> null, driverClass -> oracle.jdbc.driver.OracleDriver, factoryClassLocation -> null, forceIgnoreUnresolvedTransactions -> false, identityToken -> 31sqfn9rv59une95wmdw|3ef044, idleConnectionTestPeriod -> 0, initialPoolSize -> 3, jdbcUrl -> jdbc:oracle:thin:@192.168.116.100:1521:ORCL, maxAdministrativeTaskTime -> 0, maxConnectionAge -> 0, maxIdleTime -> 0, maxIdleTimeExcessConnections -> 0, maxPoolSize -> 15, maxStatements -> 0, maxStatementsPerConnection -> 0, minPoolSize -> 3, numHelperThreads -> 3, numThreadsAwaitingCheckoutDefaultUser -> 0, preferredTestQuery -> null, properties -> {user=******, password=******}, propertyCycle -> 0, testConnectionOnCheckin -> false, testConnectionOnCheckout -> false, unreturnedConnectionTimeout -> 0, usesTraditionalReflectiveProxies -> false ]
10:27:11,753  INFO Dialect:156 - HHH000400: Using dialect: org.hibernate.dialect.Oracle10gDialect
10:27:11,917  INFO LobCreatorBuilderImpl:124 - HHH000424: Disabling contextual LOB creation as createClob() method threw error : java.lang.reflect.InvocationTargetException
10:27:12,860  INFO SchemaUpdate:105 - HHH000228: Running hbm2ddl schema update
10:27:15,687  INFO GenericApplicationContext:960 - Closing org.springframework.context.support.GenericApplicationContext@f6d9ca: startup date [Tue Oct 31 10:27:09 CST 2017]; root of context hierarchy
10:27:15,689  INFO LocalContainerEntityManagerFactoryBean:462 - Closing JPA EntityManagerFactory for persistence unit 'default'
12:20:30,127  INFO DefaultTestContextBootstrapper:259 - Loaded default TestExecutionListener class names from location [META-INF/spring.factories]: [org.springframework.test.context.web.ServletTestExecutionListener, org.springframework.test.context.support.DirtiesContextBeforeModesTestExecutionListener, org.springframework.test.context.support.DependencyInjectionTestExecutionListener, org.springframework.test.context.support.DirtiesContextTestExecutionListener, org.springframework.test.context.transaction.TransactionalTestExecutionListener, org.springframework.test.context.jdbc.SqlScriptsTestExecutionListener]
12:20:30,501  INFO DefaultTestContextBootstrapper:185 - Using TestExecutionListeners: [org.springframework.test.context.web.ServletTestExecutionListener@4a583d, org.springframework.test.context.support.DirtiesContextBeforeModesTestExecutionListener@e74663, org.springframework.test.context.support.DependencyInjectionTestExecutionListener@1be1e75, org.springframework.test.context.support.DirtiesContextTestExecutionListener@c1abcf, org.springframework.test.context.transaction.TransactionalTestExecutionListener@f6d9ca, org.springframework.test.context.jdbc.SqlScriptsTestExecutionListener@54864c]
12:20:33,689  INFO XmlBeanDefinitionReader:317 - Loading XML bean definitions from class path resource [applicationContext.xml]
12:20:39,916  INFO GenericApplicationContext:578 - Refreshing org.springframework.context.support.GenericApplicationContext@18dafec: startup date [Sun Nov 12 12:20:39 CST 2017]; root of context hierarchy
12:20:41,521  INFO AutowiredAnnotationBeanPostProcessor:153 - JSR-330 'javax.inject.Inject' annotation found and supported for autowiring
12:20:41,872  INFO MLog:80 - MLog clients using log4j logging.
12:20:44,564  INFO C3P0Registry:204 - Initializing c3p0-0.9.1.2 [built 21-May-2007 15:04:56; debug? true; trace: 10]
12:20:45,199  INFO LocalContainerEntityManagerFactoryBean:339 - Building JPA container EntityManagerFactory for persistence unit 'default'
12:20:45,199  WARN HibernatePersistence:41 - HHH015016: Encountered a deprecated javax.persistence.spi.PersistenceProvider [org.hibernate.ejb.HibernatePersistence]; use [org.hibernate.jpa.HibernatePersistenceProvider] instead.
12:20:45,260  INFO LogHelper:31 - HHH000204: Processing PersistenceUnitInfo [
	name: default
	...]
12:20:45,781  INFO Version:37 - HHH000412: Hibernate Core {5.0.7.Final}
12:20:45,785  INFO Environment:213 - HHH000206: hibernate.properties not found
12:20:45,787  INFO Environment:317 - HHH000021: Bytecode provider name : javassist
12:20:46,165  INFO Version:66 - HCANN000001: Hibernate Commons Annotations {5.0.1.Final}
12:20:47,470  INFO AbstractPoolBackedDataSource:462 - Initializing c3p0 pool... com.mchange.v2.c3p0.ComboPooledDataSource [ acquireIncrement -> 3, acquireRetryAttempts -> 30, acquireRetryDelay -> 1000, autoCommitOnClose -> false, automaticTestTable -> null, breakAfterAcquireFailure -> false, checkoutTimeout -> 0, connectionCustomizerClassName -> null, connectionTesterClassName -> com.mchange.v2.c3p0.impl.DefaultConnectionTester, dataSourceName -> 31sqjm9r1cem2ya1gci23m|187748f, debugUnreturnedConnectionStackTraces -> false, description -> null, driverClass -> oracle.jdbc.driver.OracleDriver, factoryClassLocation -> null, forceIgnoreUnresolvedTransactions -> false, identityToken -> 31sqjm9r1cem2ya1gci23m|187748f, idleConnectionTestPeriod -> 0, initialPoolSize -> 3, jdbcUrl -> jdbc:oracle:thin:@192.168.233.131:1521:ORCL, maxAdministrativeTaskTime -> 0, maxConnectionAge -> 0, maxIdleTime -> 0, maxIdleTimeExcessConnections -> 0, maxPoolSize -> 15, maxStatements -> 0, maxStatementsPerConnection -> 0, minPoolSize -> 3, numHelperThreads -> 3, numThreadsAwaitingCheckoutDefaultUser -> 0, preferredTestQuery -> null, properties -> {user=******, password=******}, propertyCycle -> 0, testConnectionOnCheckin -> false, testConnectionOnCheckout -> false, unreturnedConnectionTimeout -> 0, usesTraditionalReflectiveProxies -> false ]
12:20:48,066  INFO Dialect:156 - HHH000400: Using dialect: org.hibernate.dialect.Oracle10gDialect
12:20:48,310  INFO LobCreatorBuilderImpl:124 - HHH000424: Disabling contextual LOB creation as createClob() method threw error : java.lang.reflect.InvocationTargetException
12:20:49,677  INFO SchemaUpdate:105 - HHH000228: Running hbm2ddl schema update
12:20:52,574  INFO QueryTranslatorFactoryInitiator:47 - HHH000397: Using ASTQueryTranslatorFactory
12:20:52,932  WARN HqlSqlWalker:992 - [DEPRECATION] Encountered positional parameter near line 1, column 72 in HQL: [update com.itheima.bos.domain.base.Courier set deltag = '1' where id = ?].  Positional parameter are considered deprecated; use named parameters or JPA-style positional parameters instead.
12:20:54,594  INFO ServerImpl:85 - Setting the server's publish address to be /orderService
12:20:54,885  INFO GenericApplicationContext:960 - Closing org.springframework.context.support.GenericApplicationContext@18dafec: startup date [Sun Nov 12 12:20:39 CST 2017]; root of context hierarchy
12:20:54,890  INFO LocalContainerEntityManagerFactoryBean:462 - Closing JPA EntityManagerFactory for persistence unit 'default'
12:22:06,084  INFO DefaultTestContextBootstrapper:259 - Loaded default TestExecutionListener class names from location [META-INF/spring.factories]: [org.springframework.test.context.web.ServletTestExecutionListener, org.springframework.test.context.support.DirtiesContextBeforeModesTestExecutionListener, org.springframework.test.context.support.DependencyInjectionTestExecutionListener, org.springframework.test.context.support.DirtiesContextTestExecutionListener, org.springframework.test.context.transaction.TransactionalTestExecutionListener, org.springframework.test.context.jdbc.SqlScriptsTestExecutionListener]
12:22:06,154  INFO DefaultTestContextBootstrapper:185 - Using TestExecutionListeners: [org.springframework.test.context.web.ServletTestExecutionListener@13d285f, org.springframework.test.context.support.DirtiesContextBeforeModesTestExecutionListener@25a5d2, org.springframework.test.context.support.DependencyInjectionTestExecutionListener@1a99295, org.springframework.test.context.support.DirtiesContextTestExecutionListener@1d694da, org.springframework.test.context.transaction.TransactionalTestExecutionListener@c67f69, org.springframework.test.context.jdbc.SqlScriptsTestExecutionListener@1d6e4a4]
12:22:06,883  INFO XmlBeanDefinitionReader:317 - Loading XML bean definitions from class path resource [applicationContext.xml]
12:22:08,993  INFO GenericApplicationContext:578 - Refreshing org.springframework.context.support.GenericApplicationContext@326074: startup date [Sun Nov 12 12:22:08 CST 2017]; root of context hierarchy
12:22:09,400  INFO AutowiredAnnotationBeanPostProcessor:153 - JSR-330 'javax.inject.Inject' annotation found and supported for autowiring
12:22:09,536  INFO MLog:80 - MLog clients using log4j logging.
12:22:10,478  INFO C3P0Registry:204 - Initializing c3p0-0.9.1.2 [built 21-May-2007 15:04:56; debug? true; trace: 10]
12:22:10,664  INFO LocalContainerEntityManagerFactoryBean:339 - Building JPA container EntityManagerFactory for persistence unit 'default'
12:22:10,665  WARN HibernatePersistence:41 - HHH015016: Encountered a deprecated javax.persistence.spi.PersistenceProvider [org.hibernate.ejb.HibernatePersistence]; use [org.hibernate.jpa.HibernatePersistenceProvider] instead.
12:22:10,677  INFO LogHelper:31 - HHH000204: Processing PersistenceUnitInfo [
	name: default
	...]
12:22:10,816  INFO Version:37 - HHH000412: Hibernate Core {5.0.7.Final}
12:22:10,818  INFO Environment:213 - HHH000206: hibernate.properties not found
12:22:10,821  INFO Environment:317 - HHH000021: Bytecode provider name : javassist
12:22:10,895  INFO Version:66 - HCANN000001: Hibernate Commons Annotations {5.0.1.Final}
12:22:11,235  INFO AbstractPoolBackedDataSource:462 - Initializing c3p0 pool... com.mchange.v2.c3p0.ComboPooledDataSource [ acquireIncrement -> 3, acquireRetryAttempts -> 30, acquireRetryDelay -> 1000, autoCommitOnClose -> false, automaticTestTable -> null, breakAfterAcquireFailure -> false, checkoutTimeout -> 0, connectionCustomizerClassName -> null, connectionTesterClassName -> com.mchange.v2.c3p0.impl.DefaultConnectionTester, dataSourceName -> 31sqjm9r1cenydydip7fj|f98d83, debugUnreturnedConnectionStackTraces -> false, description -> null, driverClass -> oracle.jdbc.driver.OracleDriver, factoryClassLocation -> null, forceIgnoreUnresolvedTransactions -> false, identityToken -> 31sqjm9r1cenydydip7fj|f98d83, idleConnectionTestPeriod -> 0, initialPoolSize -> 3, jdbcUrl -> jdbc:oracle:thin:@192.168.233.131:1521:ORCL, maxAdministrativeTaskTime -> 0, maxConnectionAge -> 0, maxIdleTime -> 0, maxIdleTimeExcessConnections -> 0, maxPoolSize -> 15, maxStatements -> 0, maxStatementsPerConnection -> 0, minPoolSize -> 3, numHelperThreads -> 3, numThreadsAwaitingCheckoutDefaultUser -> 0, preferredTestQuery -> null, properties -> {user=******, password=******}, propertyCycle -> 0, testConnectionOnCheckin -> false, testConnectionOnCheckout -> false, unreturnedConnectionTimeout -> 0, usesTraditionalReflectiveProxies -> false ]
12:22:11,579  INFO Dialect:156 - HHH000400: Using dialect: org.hibernate.dialect.Oracle10gDialect
12:22:11,755  INFO LobCreatorBuilderImpl:124 - HHH000424: Disabling contextual LOB creation as createClob() method threw error : java.lang.reflect.InvocationTargetException
12:22:12,789  INFO SchemaUpdate:105 - HHH000228: Running hbm2ddl schema update
12:22:15,079  INFO QueryTranslatorFactoryInitiator:47 - HHH000397: Using ASTQueryTranslatorFactory
12:22:15,360  WARN HqlSqlWalker:992 - [DEPRECATION] Encountered positional parameter near line 1, column 72 in HQL: [update com.itheima.bos.domain.base.Courier set deltag = '1' where id = ?].  Positional parameter are considered deprecated; use named parameters or JPA-style positional parameters instead.
12:22:16,025  INFO ServerImpl:85 - Setting the server's publish address to be /orderService
12:22:16,362  INFO GenericApplicationContext:960 - Closing org.springframework.context.support.GenericApplicationContext@326074: startup date [Sun Nov 12 12:22:08 CST 2017]; root of context hierarchy
12:22:16,368  INFO LocalContainerEntityManagerFactoryBean:462 - Closing JPA EntityManagerFactory for persistence unit 'default'
12:23:49,319  INFO DefaultTestContextBootstrapper:259 - Loaded default TestExecutionListener class names from location [META-INF/spring.factories]: [org.springframework.test.context.web.ServletTestExecutionListener, org.springframework.test.context.support.DirtiesContextBeforeModesTestExecutionListener, org.springframework.test.context.support.DependencyInjectionTestExecutionListener, org.springframework.test.context.support.DirtiesContextTestExecutionListener, org.springframework.test.context.transaction.TransactionalTestExecutionListener, org.springframework.test.context.jdbc.SqlScriptsTestExecutionListener]
12:23:49,363  INFO DefaultTestContextBootstrapper:185 - Using TestExecutionListeners: [org.springframework.test.context.web.ServletTestExecutionListener@13d285f, org.springframework.test.context.support.DirtiesContextBeforeModesTestExecutionListener@25a5d2, org.springframework.test.context.support.DependencyInjectionTestExecutionListener@1a99295, org.springframework.test.context.support.DirtiesContextTestExecutionListener@1d694da, org.springframework.test.context.transaction.TransactionalTestExecutionListener@c67f69, org.springframework.test.context.jdbc.SqlScriptsTestExecutionListener@1d6e4a4]
12:23:50,152  INFO XmlBeanDefinitionReader:317 - Loading XML bean definitions from class path resource [applicationContext.xml]
12:23:52,515  INFO GenericApplicationContext:578 - Refreshing org.springframework.context.support.GenericApplicationContext@326074: startup date [Sun Nov 12 12:23:52 CST 2017]; root of context hierarchy
12:23:53,107  INFO AutowiredAnnotationBeanPostProcessor:153 - JSR-330 'javax.inject.Inject' annotation found and supported for autowiring
12:23:53,516  INFO MLog:80 - MLog clients using log4j logging.
12:23:55,067  INFO C3P0Registry:204 - Initializing c3p0-0.9.1.2 [built 21-May-2007 15:04:56; debug? true; trace: 10]
12:23:55,422  INFO LocalContainerEntityManagerFactoryBean:339 - Building JPA container EntityManagerFactory for persistence unit 'default'
12:23:55,423  WARN HibernatePersistence:41 - HHH015016: Encountered a deprecated javax.persistence.spi.PersistenceProvider [org.hibernate.ejb.HibernatePersistence]; use [org.hibernate.jpa.HibernatePersistenceProvider] instead.
12:23:55,434  INFO LogHelper:31 - HHH000204: Processing PersistenceUnitInfo [
	name: default
	...]
12:23:55,648  INFO Version:37 - HHH000412: Hibernate Core {5.0.7.Final}
12:23:55,653  INFO Environment:213 - HHH000206: hibernate.properties not found
12:23:55,656  INFO Environment:317 - HHH000021: Bytecode provider name : javassist
12:23:55,788  INFO Version:66 - HCANN000001: Hibernate Commons Annotations {5.0.1.Final}
12:23:56,129  INFO AbstractPoolBackedDataSource:462 - Initializing c3p0 pool... com.mchange.v2.c3p0.ComboPooledDataSource [ acquireIncrement -> 3, acquireRetryAttempts -> 30, acquireRetryDelay -> 1000, autoCommitOnClose -> false, automaticTestTable -> null, breakAfterAcquireFailure -> false, checkoutTimeout -> 0, connectionCustomizerClassName -> null, connectionTesterClassName -> com.mchange.v2.c3p0.impl.DefaultConnectionTester, dataSourceName -> 31sqjm9r1ceq6s91cd3qtm|1f20c84, debugUnreturnedConnectionStackTraces -> false, description -> null, driverClass -> oracle.jdbc.driver.OracleDriver, factoryClassLocation -> null, forceIgnoreUnresolvedTransactions -> false, identityToken -> 31sqjm9r1ceq6s91cd3qtm|1f20c84, idleConnectionTestPeriod -> 0, initialPoolSize -> 3, jdbcUrl -> jdbc:oracle:thin:@192.168.233.131:1521:ORCL, maxAdministrativeTaskTime -> 0, maxConnectionAge -> 0, maxIdleTime -> 0, maxIdleTimeExcessConnections -> 0, maxPoolSize -> 15, maxStatements -> 0, maxStatementsPerConnection -> 0, minPoolSize -> 3, numHelperThreads -> 3, numThreadsAwaitingCheckoutDefaultUser -> 0, preferredTestQuery -> null, properties -> {user=******, password=******}, propertyCycle -> 0, testConnectionOnCheckin -> false, testConnectionOnCheckout -> false, unreturnedConnectionTimeout -> 0, usesTraditionalReflectiveProxies -> false ]
12:23:56,533  INFO Dialect:156 - HHH000400: Using dialect: org.hibernate.dialect.Oracle10gDialect
12:23:56,813  INFO LobCreatorBuilderImpl:124 - HHH000424: Disabling contextual LOB creation as createClob() method threw error : java.lang.reflect.InvocationTargetException
12:23:59,685  INFO SchemaUpdate:105 - HHH000228: Running hbm2ddl schema update
12:24:02,967  INFO QueryTranslatorFactoryInitiator:47 - HHH000397: Using ASTQueryTranslatorFactory
12:24:03,273  WARN HqlSqlWalker:992 - [DEPRECATION] Encountered positional parameter near line 1, column 72 in HQL: [update com.itheima.bos.domain.base.Courier set deltag = '1' where id = ?].  Positional parameter are considered deprecated; use named parameters or JPA-style positional parameters instead.
12:24:03,866  INFO ServerImpl:85 - Setting the server's publish address to be /orderService
12:24:04,145  INFO GenericApplicationContext:960 - Closing org.springframework.context.support.GenericApplicationContext@326074: startup date [Sun Nov 12 12:23:52 CST 2017]; root of context hierarchy
12:24:04,154  INFO LocalContainerEntityManagerFactoryBean:462 - Closing JPA EntityManagerFactory for persistence unit 'default'
12:34:14,039  INFO DefaultTestContextBootstrapper:259 - Loaded default TestExecutionListener class names from location [META-INF/spring.factories]: [org.springframework.test.context.web.ServletTestExecutionListener, org.springframework.test.context.support.DirtiesContextBeforeModesTestExecutionListener, org.springframework.test.context.support.DependencyInjectionTestExecutionListener, org.springframework.test.context.support.DirtiesContextTestExecutionListener, org.springframework.test.context.transaction.TransactionalTestExecutionListener, org.springframework.test.context.jdbc.SqlScriptsTestExecutionListener]
12:34:14,076  INFO DefaultTestContextBootstrapper:185 - Using TestExecutionListeners: [org.springframework.test.context.web.ServletTestExecutionListener@54864c, org.springframework.test.context.support.DirtiesContextBeforeModesTestExecutionListener@13d285f, org.springframework.test.context.support.DependencyInjectionTestExecutionListener@25a5d2, org.springframework.test.context.support.DirtiesContextTestExecutionListener@1a99295, org.springframework.test.context.transaction.TransactionalTestExecutionListener@1d694da, org.springframework.test.context.jdbc.SqlScriptsTestExecutionListener@c67f69]
12:34:14,740  INFO XmlBeanDefinitionReader:317 - Loading XML bean definitions from class path resource [applicationContext.xml]
12:34:16,570  INFO GenericApplicationContext:578 - Refreshing org.springframework.context.support.GenericApplicationContext@79e32f: startup date [Sun Nov 12 12:34:16 CST 2017]; root of context hierarchy
12:34:17,030  INFO AutowiredAnnotationBeanPostProcessor:153 - JSR-330 'javax.inject.Inject' annotation found and supported for autowiring
12:34:17,188  INFO MLog:80 - MLog clients using log4j logging.
12:34:18,233  INFO C3P0Registry:204 - Initializing c3p0-0.9.1.2 [built 21-May-2007 15:04:56; debug? true; trace: 10]
12:34:18,412  INFO LocalContainerEntityManagerFactoryBean:339 - Building JPA container EntityManagerFactory for persistence unit 'default'
12:34:18,412  WARN HibernatePersistence:41 - HHH015016: Encountered a deprecated javax.persistence.spi.PersistenceProvider [org.hibernate.ejb.HibernatePersistence]; use [org.hibernate.jpa.HibernatePersistenceProvider] instead.
12:34:18,421  INFO LogHelper:31 - HHH000204: Processing PersistenceUnitInfo [
	name: default
	...]
12:34:18,554  INFO Version:37 - HHH000412: Hibernate Core {5.0.7.Final}
12:34:18,556  INFO Environment:213 - HHH000206: hibernate.properties not found
12:34:18,558  INFO Environment:317 - HHH000021: Bytecode provider name : javassist
12:34:18,628  INFO Version:66 - HCANN000001: Hibernate Commons Annotations {5.0.1.Final}
12:34:18,887  INFO AbstractPoolBackedDataSource:462 - Initializing c3p0 pool... com.mchange.v2.c3p0.ComboPooledDataSource [ acquireIncrement -> 3, acquireRetryAttempts -> 30, acquireRetryDelay -> 1000, autoCommitOnClose -> false, automaticTestTable -> null, breakAfterAcquireFailure -> false, checkoutTimeout -> 0, connectionCustomizerClassName -> null, connectionTesterClassName -> com.mchange.v2.c3p0.impl.DefaultConnectionTester, dataSourceName -> 31sqjm9r1cf3juzha41fr|1e7748c, debugUnreturnedConnectionStackTraces -> false, description -> null, driverClass -> oracle.jdbc.driver.OracleDriver, factoryClassLocation -> null, forceIgnoreUnresolvedTransactions -> false, identityToken -> 31sqjm9r1cf3juzha41fr|1e7748c, idleConnectionTestPeriod -> 0, initialPoolSize -> 3, jdbcUrl -> jdbc:oracle:thin:@192.168.233.131:1521:ORCL, maxAdministrativeTaskTime -> 0, maxConnectionAge -> 0, maxIdleTime -> 0, maxIdleTimeExcessConnections -> 0, maxPoolSize -> 15, maxStatements -> 0, maxStatementsPerConnection -> 0, minPoolSize -> 3, numHelperThreads -> 3, numThreadsAwaitingCheckoutDefaultUser -> 0, preferredTestQuery -> null, properties -> {user=******, password=******}, propertyCycle -> 0, testConnectionOnCheckin -> false, testConnectionOnCheckout -> false, unreturnedConnectionTimeout -> 0, usesTraditionalReflectiveProxies -> false ]
12:34:19,244  INFO Dialect:156 - HHH000400: Using dialect: org.hibernate.dialect.Oracle10gDialect
12:34:19,392  INFO LobCreatorBuilderImpl:124 - HHH000424: Disabling contextual LOB creation as createClob() method threw error : java.lang.reflect.InvocationTargetException
12:34:20,470  INFO SchemaUpdate:105 - HHH000228: Running hbm2ddl schema update
12:34:22,754  INFO QueryTranslatorFactoryInitiator:47 - HHH000397: Using ASTQueryTranslatorFactory
12:34:23,081  WARN HqlSqlWalker:992 - [DEPRECATION] Encountered positional parameter near line 1, column 72 in HQL: [update com.itheima.bos.domain.base.Courier set deltag = '1' where id = ?].  Positional parameter are considered deprecated; use named parameters or JPA-style positional parameters instead.
12:34:23,762  INFO ServerImpl:85 - Setting the server's publish address to be /orderService
12:34:23,978  INFO GenericApplicationContext:960 - Closing org.springframework.context.support.GenericApplicationContext@79e32f: startup date [Sun Nov 12 12:34:16 CST 2017]; root of context hierarchy
12:34:23,985  INFO LocalContainerEntityManagerFactoryBean:462 - Closing JPA EntityManagerFactory for persistence unit 'default'
